Build started 11/21/2014 3:57:58 PM.
     1>Project "C:\Users\Son\Desktop\Sua bai tap mang 2 chieu cho Phuc\Sua bai tap mang 2 chieu\Bai 368\Bai 368.vcxproj" on node 2 (Build target(s)).
     1>ClCompile:
         C:\Program Files (x86)\Microsoft Visual Studio 11.0\VC\bin\CL.exe /c /ZI /nologo /W3 /WX- /Od /Oy- /D _MBCS /Gm /EHsc /RTC1 /MDd /GS /fp:precise /Zc:wchar_t /Zc:forScope /Fo"Debug\\" /Fd"Debug\vc110.pdb" /Gd /TP /analyze- /errorReport:prompt Source.cpp
         Source.cpp
     1>c:\users\son\desktop\sua bai tap mang 2 chieu cho phuc\sua bai tap mang 2 chieu\bai 368\source.cpp(10): warning C4996: 'scanf': This function or variable may be unsafe. Consider using scanf_s instead. To disable deprecation, use _CRT_SECURE_NO_WARNINGS. See online help for details.
                 c:\program files (x86)\microsoft visual studio 11.0\vc\include\stdio.h(290) : see declaration of 'scanf'
     1>c:\users\son\desktop\sua bai tap mang 2 chieu cho phuc\sua bai tap mang 2 chieu\bai 368\source.cpp(106): warning C4996: 'scanf': This function or variable may be unsafe. Consider using scanf_s instead. To disable deprecation, use _CRT_SECURE_NO_WARNINGS. See online help for details.
                 c:\program files (x86)\microsoft visual studio 11.0\vc\include\stdio.h(290) : see declaration of 'scanf'
     1>c:\users\son\desktop\sua bai tap mang 2 chieu cho phuc\sua bai tap mang 2 chieu\bai 368\source.cpp(117): warning C4996: 'scanf': This function or variable may be unsafe. Consider using scanf_s instead. To disable deprecation, use _CRT_SECURE_NO_WARNINGS. See online help for details.
                 c:\program files (x86)\microsoft visual studio 11.0\vc\include\stdio.h(290) : see declaration of 'scanf'
     1>c:\users\son\desktop\sua bai tap mang 2 chieu cho phuc\sua bai tap mang 2 chieu\bai 368\source.cpp(135): warning C4996: 'scanf': This function or variable may be unsafe. Consider using scanf_s instead. To disable deprecation, use _CRT_SECURE_NO_WARNINGS. See online help for details.
                 c:\program files (x86)\microsoft visual studio 11.0\vc\include\stdio.h(290) : see declaration of 'scanf'
     1>c:\users\son\desktop\sua bai tap mang 2 chieu cho phuc\sua bai tap mang 2 chieu\bai 368\source.cpp(146): warning C4996: 'getch': The POSIX name for this item is deprecated. Instead, use the ISO C++ conformant name: _getch. See online help for details.
                 c:\program files (x86)\microsoft visual studio 11.0\vc\include\conio.h(131) : see declaration of 'getch'
     1>c:\users\son\desktop\sua bai tap mang 2 chieu cho phuc\sua bai tap mang 2 chieu\bai 368\source.cpp(96): warning C4715: 'TimMaxThuK' : not all control paths return a value
       Link:
         C:\Program Files (x86)\Microsoft Visual Studio 11.0\VC\bin\link.exe /ERRORREPORT:PROMPT /OUT:"C:\Users\Son\Desktop\Sua bai tap mang 2 chieu cho Phuc\Sua bai tap mang 2 chieu\Debug\Bai 368.exe" /INCREMENTAL /NOLOGO kernel32.lib user32.lib gdi32.lib winspool.lib comdlg32.lib advapi32.lib shell32.lib ole32.lib oleaut32.lib uuid.lib odbc32.lib odbccp32.lib /MANIFEST /MANIFESTUAC:"level='asInvoker' uiAccess='false'" /manifest:embed /DEBUG /PDB:"C:\Users\Son\Desktop\Sua bai tap mang 2 chieu cho Phuc\Sua bai tap mang 2 chieu\Debug\Bai 368.pdb" /TLBID:1 /DYNAMICBASE /NXCOMPAT /IMPLIB:"C:\Users\Son\Desktop\Sua bai tap mang 2 chieu cho Phuc\Sua bai tap mang 2 chieu\Debug\Bai 368.lib" /MACHINE:X86 Debug\Source.obj
         Bai 368.vcxproj -> C:\Users\Son\Desktop\Sua bai tap mang 2 chieu cho Phuc\Sua bai tap mang 2 chieu\Debug\Bai 368.exe
     1>Done Building Project "C:\Users\Son\Desktop\Sua bai tap mang 2 chieu cho Phuc\Sua bai tap mang 2 chieu\Bai 368\Bai 368.vcxproj" (Build target(s)).

Build succeeded.

Time Elapsed 00:00:00.88
